<?xml version="1.0" encoding="UTF-8"?>
<Site BuildName="(empty)"
	BuildStamp="20231128-0609-Experimental"
	Name="heyoung"
	Generator="ctest-3.10.2"
	CompilerName="/usr/bin/g++"
	CompilerVersion="7.5.0"
	OSName="Linux"
	Hostname="heyoung"
	OSRelease="5.4.0-150-generic"
	OSVersion="#167~18.04.1-Ubuntu SMP Wed May 24 00:51:42 UTC 2023"
	OSPlatform="x86_64"
	Is64Bits="1"
	VendorString="GenuineIntel"
	VendorID="Intel Corporation"
	FamilyID="6"
	ModelID="60"
	ProcessorCacheSize="6144"
	NumberOfLogicalCPU="4"
	NumberOfPhysicalCPU="4"
	TotalVirtualMemory="2047"
	TotalPhysicalMemory="15964"
	LogicalProcessorsPerPhysical="1"
	ProcessorClockFrequency="3621.78"
	>
	<Testing>
		<StartDateTime>Nov 28 15:09 KST</StartDateTime>
		<StartTestTime>1701151778</StartTestTime>
		<TestList/>
		<EndDateTime>Nov 28 15:09 KST</EndDateTime>
		<EndTestTime>1701151778</EndTestTime>
		<ElapsedMinutes>0</ElapsedMinutes>
	</Testing>
</Site>
